[debug] [2025-04-19T17:53:59.171Z] ----------------------------------------------------------------------
[debug] [2025-04-19T17:53:59.179Z] Command:       C:\Program Files\nodejs\node.exe C:\Users\Laptop Hub\AppData\Roaming\npm\node_modules\firebase-tools\lib\bin\firebase.js init
[debug] [2025-04-19T17:53:59.180Z] CLI Version:   14.2.0
[debug] [2025-04-19T17:53:59.181Z] Platform:      win32
[debug] [2025-04-19T17:53:59.181Z] Node Version:  v22.14.0
[debug] [2025-04-19T17:53:59.182Z] Time:          Sat Apr 19 2025 10:53:59 GMT-0700 (Pacific Daylight Time)
[debug] [2025-04-19T17:53:59.182Z] ----------------------------------------------------------------------
[debug] 
[debug] [2025-04-19T17:53:59.200Z] > command requires scopes: ["email","openid","https://www.googleapis.com/auth/cloudplatformprojects.readonly","https://www.googleapis.com/auth/firebase","https://www.googleapis.com/auth/cloud-platform"]
[debug] [2025-04-19T17:53:59.201Z] > authorizing via signed-in user (nikhilchavan5566@gmail.com)
[info] 
     ######## #### ########  ######## ########     ###     ######  ########
     ##        ##  ##     ## ##       ##     ##  ##   ##  ##       ##
     ######    ##  ########  ######   ########  #########  ######  ######
     ##        ##  ##    ##  ##       ##     ## ##     ##       ## ##
     ##       #### ##     ## ######## ########  ##     ##  ######  ########

You're about to initialize a Firebase project in this directory:

  C:\Users\Laptop Hub\Desktop\hackthon project

[info] 
=== Project Setup
[info] 
[info] First, let's associate this project directory with a Firebase project.
[info] You can create multiple project aliases by running firebase use --add, 
[info] but for now we'll just set up a default project.
[info] 
[debug] [2025-04-19T18:09:00.600Z] Checked if tokens are valid: false, expires at: 1745051301898
[debug] [2025-04-19T18:09:00.600Z] Checked if tokens are valid: false, expires at: 1745051301898
[debug] [2025-04-19T18:09:00.601Z] > refreshing access token with scopes: []
[debug] [2025-04-19T18:09:00.603Z] >>> [apiv2][query] POST https://www.googleapis.com/oauth2/v3/token [none]
[debug] [2025-04-19T18:09:00.603Z] >>> [apiv2][body] POST https://www.googleapis.com/oauth2/v3/token [omitted]
[debug] [2025-04-19T18:09:01.168Z] <<< [apiv2][status] POST https://www.googleapis.com/oauth2/v3/token 200
[debug] [2025-04-19T18:09:01.169Z] <<< [apiv2][body] POST https://www.googleapis.com/oauth2/v3/token [omitted]
[debug] [2025-04-19T18:09:01.209Z] >>> [apiv2][query] GET https://firebase.googleapis.com/v1beta1/projects pageSize=100
[debug] [2025-04-19T18:09:02.680Z] <<< [apiv2][status] GET https://firebase.googleapis.com/v1beta1/projects 200
[debug] [2025-04-19T18:09:02.681Z] <<< [apiv2][body] GET https://firebase.googleapis.com/v1beta1/projects [omitted]
[info] i  Using project rular-women (Rular Women) 
[info] 
=== Hosting Setup
[debug] [2025-04-19T18:09:35.772Z] Checked if tokens are valid: true, expires at: 1745089740170
[debug] [2025-04-19T18:09:35.772Z] Checked if tokens are valid: true, expires at: 1745089740170
[debug] [2025-04-19T18:09:35.772Z] >>> [apiv2][query] GET https://firebase.googleapis.com/v1beta1/projects/rular-women [none]
[debug] [2025-04-19T18:09:36.470Z] <<< [apiv2][status] GET https://firebase.googleapis.com/v1beta1/projects/rular-women 200
[debug] [2025-04-19T18:09:36.471Z] <<< [apiv2][body] GET https://firebase.googleapis.com/v1beta1/projects/rular-women {"projectId":"rular-women","projectNumber":"666442694965","displayName":"Rular Women","name":"projects/rular-women","resources":{"hostingSite":"rular-women"},"state":"ACTIVE","etag":"1_0c4a1cd8-df74-4ff8-9f19-ea24a7d873a3"}
[info] 
[info] Your public directory is the folder (relative to your project directory) that
[info] will contain Hosting assets to be uploaded with firebase deploy. If you
[info] have a build process for your assets, use your build's output directory.
[info] 
[info] +  Wrote public/404.html 
[debug] [2025-04-19T18:13:02.059Z] >>> [apiv2][query] GET https://www.gstatic.com/firebasejs/releases.json [none]
[debug] [2025-04-19T18:13:02.207Z] <<< [apiv2][status] GET https://www.gstatic.com/firebasejs/releases.json 200
[debug] [2025-04-19T18:13:02.207Z] <<< [apiv2][body] GET https://www.gstatic.com/firebasejs/releases.json {"current":{"version":"11.6.0","browserURL":"https://www.gstatic.com/firebasejs/11.6.0/firebase.js","packageURL":"https://www.gstatic.com/firebasejs/11.6.0/firebase.tgz"},"live":{"version":"11.6","browserURL":"https://www.gstatic.com/firebasejs/live/11.6/firebase.js","packageURL":"https://www.gstatic.com/firebasejs/live/11.6/firebase.tgz"},"components":{"analytics":"https://www.gstatic.com/firebasejs/11.6.0/firebase-analytics.js","app":"https://www.gstatic.com/firebasejs/11.6.0/firebase-app.js","app-check":"https://www.gstatic.com/firebasejs/11.6.0/firebase-app-check.js","auth":"https://www.gstatic.com/firebasejs/11.6.0/firebase-auth.js","auth/cordova":"https://www.gstatic.com/firebasejs/11.6.0/firebase-auth/cordova.js","auth/web-extension":"https://www.gstatic.com/firebasejs/11.6.0/firebase-auth/web-extension.js","functions":"https://www.gstatic.com/firebasejs/11.6.0/firebase-functions.js","firestore":"https://www.gstatic.com/firebasejs/11.6.0/firebase-firestore.js","firestore/lite":"https://www.gstatic.com/firebasejs/11.6.0/firebase-firestore/lite.js","installations":"https://www.gstatic.com/firebasejs/11.6.0/firebase-installations.js","storage":"https://www.gstatic.com/firebasejs/11.6.0/firebase-storage.js","performance":"https://www.gstatic.com/firebasejs/11.6.0/firebase-performance.js","remote-config":"https://www.gstatic.com/firebasejs/11.6.0/firebase-remote-config.js","messaging":"https://www.gstatic.com/firebasejs/11.6.0/firebase-messaging.js","messaging/sw":"https://www.gstatic.com/firebasejs/11.6.0/firebase-messaging/sw.js","database":"https://www.gstatic.com/firebasejs/11.6.0/firebase-database.js","vertexai":"https://www.gstatic.com/firebasejs/11.6.0/firebase-vertexai.js","data-connect":"https://www.gstatic.com/firebasejs/11.6.0/firebase-data-connect.js","firestore.memory":"https://www.gstatic.com/firebasejs/11.6.0/firebase-firestore.memory.js"}}
[info] +  Wrote public/index.html 
[info] 
[info] i  Writing configuration info to firebase.json... 
[info] i  Writing project information to .firebaserc... 
[info] i  Writing gitignore file to .gitignore... 
[info] 
[info] +  Firebase initialization complete! 
